{"/Users/mariorodriguez/Master/master_code/mes7/api-mongoose/server.js": {"path":"/Users/mariorodriguez/Master/master_code/mes7/api-mongoose/server.js","statementMap":{"0":{"start":{"line":1,"column":16},"end":{"line":1,"column":34}},"1":{"start":{"line":3,"column":17},"end":{"line":3,"column":36}},"2":{"start":{"line":4,"column":15},"end":{"line":4,"column":32}},"3":{"start":{"line":5,"column":23},"end":{"line":5,"column":62}},"4":{"start":{"line":6,"column":12},"end":{"line":6,"column":21}},"5":{"start":{"line":8,"column":16},"end":{"line":8,"column":109}},"6":{"start":{"line":9,"column":19},"end":{"line":9,"column":55}},"7":{"start":{"line":10,"column":16},"end":{"line":19,"column":2}},"8":{"start":{"line":14,"column":8},"end":{"line":14,"column":27}},"9":{"start":{"line":17,"column":8},"end":{"line":17,"column":54}},"10":{"start":{"line":22,"column":13},"end":{"line":27,"column":2}},"11":{"start":{"line":29,"column":0},"end":{"line":29,"column":44}},"12":{"start":{"line":30,"column":0},"end":{"line":30,"column":23}},"13":{"start":{"line":31,"column":0},"end":{"line":31,"column":45}},"14":{"start":{"line":34,"column":0},"end":{"line":40,"column":1}},"15":{"start":{"line":35,"column":4},"end":{"line":39,"column":6}},"16":{"start":{"line":42,"column":11},"end":{"line":42,"column":30}},"17":{"start":{"line":44,"column":0},"end":{"line":46,"column":2}},"18":{"start":{"line":45,"column":4},"end":{"line":45,"column":40}},"19":{"start":{"line":48,"column":0},"end":{"line":50,"column":2}},"20":{"start":{"line":49,"column":4},"end":{"line":49,"column":42}},"21":{"start":{"line":52,"column":0},"end":{"line":52,"column":39}},"22":{"start":{"line":54,"column":0},"end":{"line":66,"column":1}},"23":{"start":{"line":68,"column":0},"end":{"line":68,"column":45}},"24":{"start":{"line":78,"column":0},"end":{"line":78,"column":77}},"25":{"start":{"line":80,"column":0},"end":{"line":80,"column":47}},"26":{"start":{"line":82,"column":0},"end":{"line":84,"column":2}},"27":{"start":{"line":83,"column":4},"end":{"line":83,"column":37}},"28":{"start":{"line":93,"column":0},"end":{"line":93,"column":21}}},"fnMap":{"0":{"name":"(anonymous_0)","decl":{"start":{"line":13,"column":17},"end":{"line":13,"column":18}},"loc":{"start":{"line":13,"column":40},"end":{"line":15,"column":5}},"line":13},"1":{"name":"(anonymous_1)","decl":{"start":{"line":16,"column":13},"end":{"line":16,"column":14}},"loc":{"start":{"line":16,"column":34},"end":{"line":18,"column":5}},"line":16},"2":{"name":"(anonymous_2)","decl":{"start":{"line":44,"column":14},"end":{"line":44,"column":15}},"loc":{"start":{"line":44,"column":27},"end":{"line":46,"column":1}},"line":44},"3":{"name":"(anonymous_3)","decl":{"start":{"line":48,"column":16},"end":{"line":48,"column":17}},"loc":{"start":{"line":48,"column":26},"end":{"line":50,"column":1}},"line":48},"4":{"name":"(anonymous_4)","decl":{"start":{"line":82,"column":16},"end":{"line":82,"column":17}},"loc":{"start":{"line":82,"column":21},"end":{"line":84,"column":1}},"line":82}},"branchMap":{"0":{"loc":{"start":{"line":10,"column":16},"end":{"line":19,"column":2}},"type":"cond-expr","locations":[{"start":{"line":11,"column":2},"end":{"line":11,"column":24}},{"start":{"line":12,"column":2},"end":{"line":19,"column":2}}],"line":10},"1":{"loc":{"start":{"line":34,"column":0},"end":{"line":40,"column":1}},"type":"if","locations":[{"start":{"line":34,"column":0},"end":{"line":40,"column":1}},{"start":{"line":34,"column":0},"end":{"line":40,"column":1}}],"line":34}},"s":{"0":1,"1":1,"2":1,"3":1,"4":1,"5":1,"6":1,"7":1,"8":0,"9":0,"10":1,"11":1,"12":1,"13":1,"14":1,"15":0,"16":1,"17":1,"18":0,"19":1,"20":1,"21":1,"22":1,"23":1,"24":1,"25":1,"26":1,"27":1,"28":1},"f":{"0":0,"1":0,"2":0,"3":1,"4":1},"b":{"0":[0,1],"1":[0,1]},"_coverageSchema":"1a1c01bbd47fc00a2c39e90264f33305004495a9","hash":"29e724c992fd3f5bc738574c5c16bcb446bf302b"}
,"/Users/mariorodriguez/Master/master_code/mes7/api-mongoose/controllers/UserController.js": {"path":"/Users/mariorodriguez/Master/master_code/mes7/api-mongoose/controllers/UserController.js","statementMap":{"0":{"start":{"line":1,"column":20},"end":{"line":1,"column":55}},"1":{"start":{"line":3,"column":15},"end":{"line":12,"column":1}},"2":{"start":{"line":4,"column":4},"end":{"line":11,"column":5}},"3":{"start":{"line":5,"column":21},"end":{"line":5,"column":59}},"4":{"start":{"line":6,"column":8},"end":{"line":6,"column":25}},"5":{"start":{"line":7,"column":8},"end":{"line":7,"column":41}},"6":{"start":{"line":9,"column":8},"end":{"line":9,"column":26}},"7":{"start":{"line":10,"column":8},"end":{"line":10,"column":42}},"8":{"start":{"line":14,"column":16},"end":{"line":22,"column":1}},"9":{"start":{"line":15,"column":4},"end":{"line":21,"column":5}},"10":{"start":{"line":16,"column":20},"end":{"line":16,"column":30}},"11":{"start":{"line":17,"column":21},"end":{"line":17,"column":55}},"12":{"start":{"line":18,"column":8},"end":{"line":18,"column":41}},"13":{"start":{"line":20,"column":8},"end":{"line":20,"column":42}},"14":{"start":{"line":24,"column":14},"end":{"line":32,"column":1}},"15":{"start":{"line":25,"column":4},"end":{"line":31,"column":5}},"16":{"start":{"line":27,"column":22},"end":{"line":27,"column":51}},"17":{"start":{"line":28,"column":8},"end":{"line":28,"column":42}},"18":{"start":{"line":30,"column":8},"end":{"line":30,"column":42}},"19":{"start":{"line":34,"column":15},"end":{"line":42,"column":1}},"20":{"start":{"line":35,"column":4},"end":{"line":41,"column":5}},"21":{"start":{"line":36,"column":20},"end":{"line":36,"column":30}},"22":{"start":{"line":37,"column":21},"end":{"line":37,"column":63}},"23":{"start":{"line":38,"column":8},"end":{"line":38,"column":41}},"24":{"start":{"line":40,"column":8},"end":{"line":40,"column":42}},"25":{"start":{"line":44,"column":15},"end":{"line":52,"column":1}},"26":{"start":{"line":45,"column":4},"end":{"line":51,"column":5}},"27":{"start":{"line":46,"column":20},"end":{"line":46,"column":30}},"28":{"start":{"line":47,"column":21},"end":{"line":47,"column":53}},"29":{"start":{"line":48,"column":8},"end":{"line":48,"column":30}},"30":{"start":{"line":50,"column":8},"end":{"line":50,"column":42}},"31":{"start":{"line":54,"column":0},"end":{"line":60,"column":1}}},"fnMap":{"0":{"name":"(anonymous_0)","decl":{"start":{"line":3,"column":15},"end":{"line":3,"column":16}},"loc":{"start":{"line":3,"column":35},"end":{"line":12,"column":1}},"line":3},"1":{"name":"(anonymous_1)","decl":{"start":{"line":14,"column":16},"end":{"line":14,"column":17}},"loc":{"start":{"line":14,"column":34},"end":{"line":22,"column":1}},"line":14},"2":{"name":"(anonymous_2)","decl":{"start":{"line":24,"column":14},"end":{"line":24,"column":15}},"loc":{"start":{"line":24,"column":32},"end":{"line":32,"column":1}},"line":24},"3":{"name":"(anonymous_3)","decl":{"start":{"line":34,"column":15},"end":{"line":34,"column":16}},"loc":{"start":{"line":34,"column":34},"end":{"line":42,"column":1}},"line":34},"4":{"name":"(anonymous_4)","decl":{"start":{"line":44,"column":15},"end":{"line":44,"column":16}},"loc":{"start":{"line":44,"column":34},"end":{"line":52,"column":1}},"line":44}},"branchMap":{},"s":{"0":1,"1":1,"2":2,"3":2,"4":0,"5":0,"6":2,"7":2,"8":1,"9":0,"10":0,"11":0,"12":0,"13":0,"14":1,"15":0,"16":0,"17":0,"18":0,"19":1,"20":0,"21":0,"22":0,"23":0,"24":0,"25":1,"26":0,"27":0,"28":0,"29":0,"30":0,"31":1},"f":{"0":2,"1":0,"2":0,"3":0,"4":0},"b":{},"_coverageSchema":"1a1c01bbd47fc00a2c39e90264f33305004495a9","hash":"1218214607b8f9e7d45f6db673667e5d1761aca0"}
,"/Users/mariorodriguez/Master/master_code/mes7/api-mongoose/middlewares/manageFiles.js": {"path":"/Users/mariorodriguez/Master/master_code/mes7/api-mongoose/middlewares/manageFiles.js","statementMap":{"0":{"start":{"line":1,"column":20},"end":{"line":1,"column":47}},"1":{"start":{"line":3,"column":0},"end":{"line":15,"column":1}},"2":{"start":{"line":5,"column":4},"end":{"line":13,"column":5}},"3":{"start":{"line":7,"column":8},"end":{"line":7,"column":36}},"4":{"start":{"line":7,"column":22},"end":{"line":7,"column":36}},"5":{"start":{"line":8,"column":20},"end":{"line":8,"column":41}},"6":{"start":{"line":9,"column":8},"end":{"line":9,"column":28}},"7":{"start":{"line":11,"column":8},"end":{"line":11,"column":36}},"8":{"start":{"line":11,"column":22},"end":{"line":11,"column":36}},"9":{"start":{"line":12,"column":8},"end":{"line":12,"column":72}},"10":{"start":{"line":14,"column":4},"end":{"line":14,"column":11}}},"fnMap":{"0":{"name":"(anonymous_0)","decl":{"start":{"line":3,"column":15},"end":{"line":3,"column":16}},"loc":{"start":{"line":3,"column":31},"end":{"line":15,"column":1}},"line":3}},"branchMap":{"0":{"loc":{"start":{"line":5,"column":4},"end":{"line":13,"column":5}},"type":"if","locations":[{"start":{"line":5,"column":4},"end":{"line":13,"column":5}},{"start":{"line":5,"column":4},"end":{"line":13,"column":5}}],"line":5},"1":{"loc":{"start":{"line":7,"column":8},"end":{"line":7,"column":36}},"type":"if","locations":[{"start":{"line":7,"column":8},"end":{"line":7,"column":36}},{"start":{"line":7,"column":8},"end":{"line":7,"column":36}}],"line":7},"2":{"loc":{"start":{"line":11,"column":8},"end":{"line":11,"column":36}},"type":"if","locations":[{"start":{"line":11,"column":8},"end":{"line":11,"column":36}},{"start":{"line":11,"column":8},"end":{"line":11,"column":36}}],"line":11}},"s":{"0":1,"1":1,"2":2,"3":0,"4":0,"5":0,"6":0,"7":2,"8":2,"9":0,"10":0},"f":{"0":2},"b":{"0":[0,2],"1":[0,0],"2":[2,0]},"_coverageSchema":"1a1c01bbd47fc00a2c39e90264f33305004495a9","hash":"7a31673a71d11b3656008cdd90a9941d14cbd253"}
,"/Users/mariorodriguez/Master/master_code/mes7/api-mongoose/models/Users.js": {"path":"/Users/mariorodriguez/Master/master_code/mes7/api-mongoose/models/Users.js","statementMap":{"0":{"start":{"line":1,"column":17},"end":{"line":1,"column":36}},"1":{"start":{"line":2,"column":17},"end":{"line":2,"column":25}},"2":{"start":{"line":4,"column":19},"end":{"line":28,"column":20}},"3":{"start":{"line":32,"column":13},"end":{"line":32,"column":47}},"4":{"start":{"line":34,"column":0},"end":{"line":34,"column":23}}},"fnMap":{},"branchMap":{},"s":{"0":2,"1":2,"2":2,"3":2,"4":2},"f":{},"b":{},"_coverageSchema":"1a1c01bbd47fc00a2c39e90264f33305004495a9","hash":"f6b21f9a7748a94dc190de3f0eac9c4209511cc8"}
,"/Users/mariorodriguez/Master/master_code/mes7/api-mongoose/services/UserServices.js": {"path":"/Users/mariorodriguez/Master/master_code/mes7/api-mongoose/services/UserServices.js","statementMap":{"0":{"start":{"line":1,"column":13},"end":{"line":1,"column":39}},"1":{"start":{"line":4,"column":19},"end":{"line":9,"column":1}},"2":{"start":{"line":5,"column":4},"end":{"line":5,"column":50}},"3":{"start":{"line":5,"column":14},"end":{"line":5,"column":50}},"4":{"start":{"line":6,"column":19},"end":{"line":6,"column":43}},"5":{"start":{"line":7,"column":4},"end":{"line":7,"column":17}},"6":{"start":{"line":11,"column":18},"end":{"line":13,"column":1}},"7":{"start":{"line":12,"column":4},"end":{"line":12,"column":31}},"8":{"start":{"line":15,"column":21},"end":{"line":29,"column":1}},"9":{"start":{"line":26,"column":17},"end":{"line":26,"column":41}},"10":{"start":{"line":27,"column":4},"end":{"line":27,"column":53}},"11":{"start":{"line":27,"column":13},"end":{"line":27,"column":53}},"12":{"start":{"line":28,"column":4},"end":{"line":28,"column":15}},"13":{"start":{"line":31,"column":19},"end":{"line":36,"column":1}},"14":{"start":{"line":32,"column":4},"end":{"line":32,"column":63}},"15":{"start":{"line":32,"column":15},"end":{"line":32,"column":63}},"16":{"start":{"line":33,"column":18},"end":{"line":33,"column":74}},"17":{"start":{"line":34,"column":4},"end":{"line":34,"column":56}},"18":{"start":{"line":34,"column":16},"end":{"line":34,"column":56}},"19":{"start":{"line":35,"column":4},"end":{"line":35,"column":17}},"20":{"start":{"line":38,"column":19},"end":{"line":40,"column":1}},"21":{"start":{"line":39,"column":4},"end":{"line":39,"column":42}},"22":{"start":{"line":42,"column":0},"end":{"line":48,"column":1}}},"fnMap":{"0":{"name":"(anonymous_0)","decl":{"start":{"line":4,"column":19},"end":{"line":4,"column":20}},"loc":{"start":{"line":4,"column":32},"end":{"line":9,"column":1}},"line":4},"1":{"name":"(anonymous_1)","decl":{"start":{"line":11,"column":18},"end":{"line":11,"column":19}},"loc":{"start":{"line":11,"column":27},"end":{"line":13,"column":1}},"line":11},"2":{"name":"(anonymous_2)","decl":{"start":{"line":15,"column":21},"end":{"line":15,"column":22}},"loc":{"start":{"line":15,"column":34},"end":{"line":29,"column":1}},"line":15},"3":{"name":"(anonymous_3)","decl":{"start":{"line":31,"column":19},"end":{"line":31,"column":20}},"loc":{"start":{"line":31,"column":38},"end":{"line":36,"column":1}},"line":31},"4":{"name":"(anonymous_4)","decl":{"start":{"line":38,"column":19},"end":{"line":38,"column":20}},"loc":{"start":{"line":38,"column":31},"end":{"line":40,"column":1}},"line":38}},"branchMap":{"0":{"loc":{"start":{"line":5,"column":4},"end":{"line":5,"column":50}},"type":"if","locations":[{"start":{"line":5,"column":4},"end":{"line":5,"column":50}},{"start":{"line":5,"column":4},"end":{"line":5,"column":50}}],"line":5},"1":{"loc":{"start":{"line":27,"column":4},"end":{"line":27,"column":53}},"type":"if","locations":[{"start":{"line":27,"column":4},"end":{"line":27,"column":53}},{"start":{"line":27,"column":4},"end":{"line":27,"column":53}}],"line":27},"2":{"loc":{"start":{"line":32,"column":4},"end":{"line":32,"column":63}},"type":"if","locations":[{"start":{"line":32,"column":4},"end":{"line":32,"column":63}},{"start":{"line":32,"column":4},"end":{"line":32,"column":63}}],"line":32},"3":{"loc":{"start":{"line":34,"column":4},"end":{"line":34,"column":56}},"type":"if","locations":[{"start":{"line":34,"column":4},"end":{"line":34,"column":56}},{"start":{"line":34,"column":4},"end":{"line":34,"column":56}}],"line":34}},"s":{"0":2,"1":2,"2":8,"3":1,"4":7,"5":4,"6":2,"7":1,"8":2,"9":0,"10":0,"11":0,"12":0,"13":2,"14":0,"15":0,"16":0,"17":0,"18":0,"19":0,"20":2,"21":0,"22":2},"f":{"0":8,"1":1,"2":0,"3":0,"4":0},"b":{"0":[1,7],"1":[0,0],"2":[0,0],"3":[0,0]},"_coverageSchema":"1a1c01bbd47fc00a2c39e90264f33305004495a9","hash":"84d02135d5ec9000ef7385285fed86331116762f"}
,"/Users/mariorodriguez/Master/master_code/mes7/api-mongoose/test/db-handler.js": {"path":"/Users/mariorodriguez/Master/master_code/mes7/api-mongoose/test/db-handler.js","statementMap":{"0":{"start":{"line":2,"column":17},"end":{"line":2,"column":36}},"1":{"start":{"line":3,"column":26},"end":{"line":3,"column":58}},"2":{"start":{"line":4,"column":15},"end":{"line":4,"column":38}},"3":{"start":{"line":6,"column":16},"end":{"line":17,"column":1}},"4":{"start":{"line":7,"column":16},"end":{"line":7,"column":37}},"5":{"start":{"line":8,"column":27},"end":{"line":15,"column":5}},"6":{"start":{"line":16,"column":4},"end":{"line":16,"column":48}},"7":{"start":{"line":18,"column":22},"end":{"line":22,"column":1}},"8":{"start":{"line":19,"column":4},"end":{"line":19,"column":44}},"9":{"start":{"line":20,"column":4},"end":{"line":20,"column":37}},"10":{"start":{"line":21,"column":4},"end":{"line":21,"column":23}},"11":{"start":{"line":24,"column":22},"end":{"line":30,"column":1}},"12":{"start":{"line":25,"column":23},"end":{"line":25,"column":53}},"13":{"start":{"line":26,"column":4},"end":{"line":29,"column":5}},"14":{"start":{"line":27,"column":27},"end":{"line":27,"column":43}},"15":{"start":{"line":28,"column":8},"end":{"line":28,"column":37}},"16":{"start":{"line":32,"column":0},"end":{"line":36,"column":1}}},"fnMap":{"0":{"name":"(anonymous_0)","decl":{"start":{"line":6,"column":16},"end":{"line":6,"column":17}},"loc":{"start":{"line":6,"column":26},"end":{"line":17,"column":1}},"line":6},"1":{"name":"(anonymous_1)","decl":{"start":{"line":18,"column":22},"end":{"line":18,"column":23}},"loc":{"start":{"line":18,"column":32},"end":{"line":22,"column":1}},"line":18},"2":{"name":"(anonymous_2)","decl":{"start":{"line":24,"column":22},"end":{"line":24,"column":23}},"loc":{"start":{"line":24,"column":31},"end":{"line":30,"column":1}},"line":24}},"branchMap":{},"s":{"0":2,"1":2,"2":2,"3":2,"4":2,"5":2,"6":2,"7":2,"8":2,"9":2,"10":2,"11":2,"12":6,"13":6,"14":0,"15":0,"16":2},"f":{"0":2,"1":2,"2":6},"b":{},"_coverageSchema":"1a1c01bbd47fc00a2c39e90264f33305004495a9","hash":"ab656465aa33620fe8df693513ffed5fff464d33"}
,"/Users/mariorodriguez/Master/master_code/mes7/api-mongoose/utils/storage.js": {"path":"/Users/mariorodriguez/Master/master_code/mes7/api-mongoose/utils/storage.js","statementMap":{"0":{"start":{"line":2,"column":18},"end":{"line":2,"column":50}},"1":{"start":{"line":4,"column":16},"end":{"line":7,"column":2}},"2":{"start":{"line":10,"column":15},"end":{"line":10,"column":63}},"3":{"start":{"line":13,"column":0},"end":{"line":47,"column":1}},"4":{"start":{"line":15,"column":4},"end":{"line":45,"column":6}},"5":{"start":{"line":16,"column":8},"end":{"line":16,"column":49}},"6":{"start":{"line":16,"column":18},"end":{"line":16,"column":49}},"7":{"start":{"line":18,"column":28},"end":{"line":18,"column":64}},"8":{"start":{"line":20,"column":29},"end":{"line":20,"column":53}},"9":{"start":{"line":26,"column":28},"end":{"line":30,"column":10}},"10":{"start":{"line":32,"column":8},"end":{"line":34,"column":10}},"11":{"start":{"line":33,"column":12},"end":{"line":33,"column":25}},"12":{"start":{"line":37,"column":8},"end":{"line":42,"column":10}},"13":{"start":{"line":40,"column":24},"end":{"line":40,"column":115}},"14":{"start":{"line":41,"column":12},"end":{"line":41,"column":24}},"15":{"start":{"line":44,"column":8},"end":{"line":44,"column":36}}},"fnMap":{"0":{"name":"(anonymous_0)","decl":{"start":{"line":13,"column":17},"end":{"line":13,"column":18}},"loc":{"start":{"line":13,"column":26},"end":{"line":47,"column":1}},"line":13},"1":{"name":"(anonymous_1)","decl":{"start":{"line":15,"column":23},"end":{"line":15,"column":24}},"loc":{"start":{"line":15,"column":43},"end":{"line":45,"column":5}},"line":15},"2":{"name":"(anonymous_2)","decl":{"start":{"line":32,"column":31},"end":{"line":32,"column":32}},"loc":{"start":{"line":32,"column":42},"end":{"line":34,"column":9}},"line":32},"3":{"name":"(anonymous_3)","decl":{"start":{"line":37,"column":31},"end":{"line":37,"column":32}},"loc":{"start":{"line":37,"column":36},"end":{"line":42,"column":9}},"line":37}},"branchMap":{"0":{"loc":{"start":{"line":16,"column":8},"end":{"line":16,"column":49}},"type":"if","locations":[{"start":{"line":16,"column":8},"end":{"line":16,"column":49}},{"start":{"line":16,"column":8},"end":{"line":16,"column":49}}],"line":16}},"s":{"0":1,"1":1,"2":1,"3":1,"4":0,"5":0,"6":0,"7":0,"8":0,"9":0,"10":0,"11":0,"12":0,"13":0,"14":0,"15":0},"f":{"0":0,"1":0,"2":0,"3":0},"b":{"0":[0,0]},"_coverageSchema":"1a1c01bbd47fc00a2c39e90264f33305004495a9","hash":"e23abd7942bf0f21b7b85d3e62e7e869e27e68b2"}
}
