TN:
SF:server.js
FN:13,(anonymous_0)
FN:16,(anonymous_1)
FN:44,(anonymous_2)
FN:48,(anonymous_3)
FN:82,(anonymous_4)
FNF:5
FNH:2
FNDA:0,(anonymous_0)
FNDA:0,(anonymous_1)
FNDA:0,(anonymous_2)
FNDA:1,(anonymous_3)
FNDA:1,(anonymous_4)
DA:1,1
DA:3,1
DA:4,1
DA:5,1
DA:6,1
DA:8,1
DA:9,1
DA:10,1
DA:14,0
DA:17,0
DA:22,1
DA:29,1
DA:30,1
DA:31,1
DA:34,1
DA:35,0
DA:42,1
DA:44,1
DA:45,0
DA:48,1
DA:49,1
DA:52,1
DA:54,1
DA:68,1
DA:78,1
DA:80,1
DA:82,1
DA:83,1
DA:93,1
LF:29
LH:25
BRDA:10,0,0,0
BRDA:10,0,1,1
BRDA:34,1,0,0
BRDA:34,1,1,1
BRF:4
BRH:2
end_of_record
TN:
SF:controllers/UserController.js
FN:3,(anonymous_0)
FN:14,(anonymous_1)
FN:24,(anonymous_2)
FN:34,(anonymous_3)
FN:44,(anonymous_4)
FNF:5
FNH:1
FNDA:2,(anonymous_0)
FNDA:0,(anonymous_1)
FNDA:0,(anonymous_2)
FNDA:0,(anonymous_3)
FNDA:0,(anonymous_4)
DA:1,1
DA:3,1
DA:4,2
DA:5,2
DA:6,0
DA:7,0
DA:9,2
DA:10,2
DA:14,1
DA:15,0
DA:16,0
DA:17,0
DA:18,0
DA:20,0
DA:24,1
DA:25,0
DA:27,0
DA:28,0
DA:30,0
DA:34,1
DA:35,0
DA:36,0
DA:37,0
DA:38,0
DA:40,0
DA:44,1
DA:45,0
DA:46,0
DA:47,0
DA:48,0
DA:50,0
DA:54,1
LF:32
LH:11
BRF:0
BRH:0
end_of_record
TN:
SF:middlewares/manageFiles.js
FN:3,(anonymous_0)
FNF:1
FNH:1
FNDA:2,(anonymous_0)
DA:1,1
DA:3,1
DA:5,2
DA:7,0
DA:8,0
DA:9,0
DA:11,2
DA:12,0
DA:14,0
LF:9
LH:4
BRDA:5,0,0,0
BRDA:5,0,1,2
BRDA:7,1,0,0
BRDA:7,1,1,0
BRDA:11,2,0,2
BRDA:11,2,1,0
BRF:6
BRH:2
end_of_record
TN:
SF:models/Users.js
FNF:0
FNH:0
DA:1,2
DA:2,2
DA:4,2
DA:32,2
DA:34,2
LF:5
LH:5
BRF:0
BRH:0
end_of_record
TN:
SF:services/UserServices.js
FN:4,(anonymous_0)
FN:11,(anonymous_1)
FN:15,(anonymous_2)
FN:31,(anonymous_3)
FN:38,(anonymous_4)
FNF:5
FNH:2
FNDA:8,(anonymous_0)
FNDA:1,(anonymous_1)
FNDA:0,(anonymous_2)
FNDA:0,(anonymous_3)
FNDA:0,(anonymous_4)
DA:1,2
DA:4,2
DA:5,8
DA:6,7
DA:7,4
DA:11,2
DA:12,1
DA:15,2
DA:26,0
DA:27,0
DA:28,0
DA:31,2
DA:32,0
DA:33,0
DA:34,0
DA:35,0
DA:38,2
DA:39,0
DA:42,2
LF:19
LH:11
BRDA:5,0,0,1
BRDA:5,0,1,7
BRDA:27,1,0,0
BRDA:27,1,1,0
BRDA:32,2,0,0
BRDA:32,2,1,0
BRDA:34,3,0,0
BRDA:34,3,1,0
BRF:8
BRH:2
end_of_record
TN:
SF:test/db-handler.js
FN:6,(anonymous_0)
FN:18,(anonymous_1)
FN:24,(anonymous_2)
FNF:3
FNH:3
FNDA:2,(anonymous_0)
FNDA:2,(anonymous_1)
FNDA:6,(anonymous_2)
DA:2,2
DA:3,2
DA:4,2
DA:6,2
DA:7,2
DA:8,2
DA:16,2
DA:18,2
DA:19,2
DA:20,2
DA:21,2
DA:24,2
DA:25,6
DA:26,6
DA:27,0
DA:28,0
DA:32,2
LF:17
LH:15
BRF:0
BRH:0
end_of_record
TN:
SF:utils/storage.js
FN:13,(anonymous_0)
FN:15,(anonymous_1)
FN:32,(anonymous_2)
FN:37,(anonymous_3)
FNF:4
FNH:0
FNDA:0,(anonymous_0)
FNDA:0,(anonymous_1)
FNDA:0,(anonymous_2)
FNDA:0,(anonymous_3)
DA:2,1
DA:4,1
DA:10,1
DA:13,1
DA:15,0
DA:16,0
DA:18,0
DA:20,0
DA:26,0
DA:32,0
DA:33,0
DA:37,0
DA:40,0
DA:41,0
DA:44,0
LF:15
LH:4
BRDA:16,0,0,0
BRDA:16,0,1,0
BRF:2
BRH:0
end_of_record
